Using pre-set license
Built from 'trunk' branch; Version is '6000.0.16f1 (ae37dbaefed8) revision 11417563'; Using compiler version '193933523'; Build Type 'Release'
OS: 'Windows 10  (10.0.19045) 64bit Professional' Language: 'pl' Physical Memory: 16309 MB
BatchMode: 1, IsHumanControllingUs: 0, StartBugReporterOnCrash: 0, Is64bit: 1, IsPro: 1

COMMAND LINE ARGUMENTS:
D:\Unity\6000.0.16f1\Editor\Unity.exe
-adb2
-batchMode
-noUpm
-name
AssetImportWorker1
-projectPath
D:/REKRUTACJA/RekrutacjaDemo/HelloITDemo
-logFile
Logs/AssetImportWorker1.log
-srvPort
60472
-job-worker-count
5
-background-job-worker-count
8
-asset-garbage-collectors
1
Successfully changed project path to: D:/REKRUTACJA/RekrutacjaDemo/HelloITDemo
D:/REKRUTACJA/RekrutacjaDemo/HelloITDemo
[UnityMemory] Configuration Parameters - Can be set up in boot.config
    "memorysetup-bucket-allocator-granularity=16"
    "memorysetup-bucket-allocator-bucket-count=8"
    "memorysetup-bucket-allocator-block-size=33554432"
    "memorysetup-bucket-allocator-block-count=8"
    "memorysetup-main-allocator-block-size=16777216"
    "memorysetup-thread-allocator-block-size=16777216"
    "memorysetup-gfx-main-allocator-block-size=16777216"
    "memorysetup-gfx-thread-allocator-block-size=16777216"
    "memorysetup-cache-allocator-block-size=4194304"
    "memorysetup-typetree-allocator-block-size=2097152"
    "memorysetup-profiler-bucket-allocator-granularity=16"
    "memorysetup-profiler-bucket-allocator-bucket-count=8"
    "memorysetup-profiler-bucket-allocator-block-size=33554432"
    "memorysetup-profiler-bucket-allocator-block-count=8"
    "memorysetup-profiler-allocator-block-size=16777216"
    "memorysetup-profiler-editor-allocator-block-size=1048576"
    "memorysetup-temp-allocator-size-main=16777216"
    "memorysetup-job-temp-allocator-block-size=2097152"
    "memorysetup-job-temp-allocator-block-size-background=1048576"
    "memorysetup-job-temp-allocator-reduction-small-platforms=262144"
    "memorysetup-allocator-temp-initial-block-size-main=262144"
    "memorysetup-allocator-temp-initial-block-size-worker=262144"
    "memorysetup-temp-allocator-size-background-worker=32768"
    "memorysetup-temp-allocator-size-job-worker=262144"
    "memorysetup-temp-allocator-size-preload-manager=33554432"
    "memorysetup-temp-allocator-size-nav-mesh-worker=65536"
    "memorysetup-temp-allocator-size-audio-worker=65536"
    "memorysetup-temp-allocator-size-cloud-worker=32768"
    "memorysetup-temp-allocator-size-gi-baking-worker=262144"
    "memorysetup-temp-allocator-size-gi-baking-worker=262144"
    "memorysetup-temp-allocator-size-gi-baking-worker=262144"
    "memorysetup-temp-allocator-size-gi-baking-worker=262144"
    "memorysetup-temp-allocator-size-gi-baking-worker=262144"
    "memorysetup-temp-allocator-size-gfx=262144"
Player connection [26792]  Target information:

Player connection [26792]  * "[IP] 192.168.1.57 [Port] 0 [Flags] 2 [Guid] 2811322535 [EditorId] 2811322535 [Version] 1048832 [Id] WindowsEditor(7,DESKTOP-LQ0AOL6) [Debug] 1 [PackageName] WindowsEditor [ProjectName] Editor" 

Player connection [26792]  * "[IP] 192.168.56.1 [Port] 0 [Flags] 2 [Guid] 2811322535 [EditorId] 2811322535 [Version] 1048832 [Id] WindowsEditor(7,DESKTOP-LQ0AOL6) [Debug] 1 [PackageName] WindowsEditor [ProjectName] Editor" 

Player connection [26792]  * "[IP] 26.43.63.139 [Port] 0 [Flags] 2 [Guid] 2811322535 [EditorId] 2811322535 [Version] 1048832 [Id] WindowsEditor(7,DESKTOP-LQ0AOL6) [Debug] 1 [PackageName] WindowsEditor [ProjectName] Editor" 

Player connection [26792] Host joined multi-casting on [225.0.0.222:54997]...
Player connection [26792] Host joined alternative multi-casting on [225.0.0.222:34997]...
JobSystem: Creating JobQueue using job-worker-count value 5
Library Redirect Path: Library/
[PhysX] Initialized MultithreadedTaskDispatcher with 6 workers.
Refreshing native plugins compatible for Editor in 2.44 ms, found 3 plugins.
Preloading 0 native plugins for Editor in 0.00 ms.
Initialize engine version: 6000.0.16f1 (ae37dbaefed8)
[Subsystems] Discovering subsystems at path D:/Unity/6000.0.16f1/Editor/Data/Resources/UnitySubsystems
[Subsystems] Discovering subsystems at path D:/REKRUTACJA/RekrutacjaDemo/HelloITDemo/Assets
GfxDevice: creating device client; kGfxThreadingModeNonThreaded
Direct3D:
    Version:  Direct3D 11.0 [level 11.1]
    Renderer: NVIDIA GeForce RTX 3060 (ID=0x2504)
    Vendor:   NVIDIA
    VRAM:     12115 MB
    Driver:   32.0.15.6109
Initialize mono
Mono path[0] = 'D:/Unity/6000.0.16f1/Editor/Data/Managed'
Mono path[1] = 'D:/Unity/6000.0.16f1/Editor/Data/MonoBleedingEdge/lib/mono/unityjit-win32'
Mono config path = 'D:/Unity/6000.0.16f1/Editor/Data/MonoBleedingEdge/etc'
Using monoOptions --debugger-agent=transport=dt_socket,embedding=1,server=y,suspend=n,address=127.0.0.1:56508
Begin MonoManager ReloadAssembly
Registering precompiled unity dll's ...
Register platform support module: D:/Unity/6000.0.16f1/Editor/Data/PlaybackEngines/WindowsStandaloneSupport/UnityEditor.WindowsStandalone.Extensions.dll
Registered in 0.002895 seconds.
- Loaded All Assemblies, in  0.468 seconds
Native extension for WindowsStandalone target not found
Mono: successfully reloaded assembly
- Finished resetting the current domain, in  0.420 seconds
Domain Reload Profiling: 887ms
	BeginReloadAssembly (171ms)
		ExecutionOrderSort (0ms)
		DisableScriptedObjects (0ms)
		BackupInstance (0ms)
		ReleaseScriptingObjects (0ms)
		CreateAndSetChildDomain (1ms)
	RebuildCommonClasses (46ms)
	RebuildNativeTypeToScriptingClass (12ms)
	initialDomainReloadingComplete (65ms)
	LoadAllAssembliesAndSetupDomain (173ms)
		LoadAssemblies (171ms)
		RebuildTransferFunctionScriptingTraits (0ms)
		AnalyzeDomain (169ms)
			TypeCache.Refresh (168ms)
				TypeCache.ScanAssembly (154ms)
			BuildScriptInfoCaches (0ms)
			ResolveRequiredComponents (0ms)
	FinalizeReload (420ms)
		ReleaseScriptCaches (0ms)
		RebuildScriptCaches (0ms)
		SetupLoadedEditorAssemblies (363ms)
			LogAssemblyErrors (0ms)
			InitializePlatformSupportModulesInManaged (28ms)
			SetLoadedEditorAssemblies (4ms)
			BeforeProcessingInitializeOnLoad (7ms)
			ProcessInitializeOnLoadAttributes (228ms)
			ProcessInitializeOnLoadMethodAttributes (92ms)
			AfterProcessingInitializeOnLoad (4ms)
			EditorAssembliesLoaded (0ms)
		ExecutionOrderSort2 (0ms)
		AwakeInstancesAfterBackupRestoration (0ms)
========================================================================
Worker process is ready to serve import requests
Import Worker Mode flag is 0x00
Begin MonoManager ReloadAssembly
Loading assembly failed: "Packages/com.unity.collab-proxy/Lib/Editor/PlasticSCM/unityplastic.dll"
Loading assembly failed: "Packages/com.unity.collab-proxy/Lib/Editor/PlasticSCM/Unity.Plastic.Antlr3.Runtime.dll"
Loading assembly failed: "Packages/com.unity.collab-proxy/Lib/Editor/PlasticSCM/Unity.Plastic.Newtonsoft.Json.dll"
Loading assembly failed: "Packages/com.unity.collab-proxy/Lib/Editor/PlasticSCM/log4netPlastic.dll"
Unloading broken assembly Library/ScriptAssemblies/Unity.PlasticSCM.Editor.dll, this assembly can cause crashes in the runtime
- Loaded All Assemblies, in  1.058 seconds
Could not load signature of Unity.PlasticSCM.Editor.Views.Branches.CreateBranchDialog:CreateBranchFromLastParentBranchChangeset due to: Could not load file or assembly 'unityplastic, Version=11.0.16.8673, Culture=neutral, PublicKeyToken=a107c9c6e34c8876' or one of its dependencies.
Could not load signature of Unity.PlasticSCM.Editor.Views.Branches.CreateBranchDialog:Create due to: Could not load file or assembly 'unityplastic, Version=11.0.16.8673, Culture=neutral, PublicKeyToken=a107c9c6e34c8876' or one of its dependencies.
Could not load signature of Unity.PlasticSCM.Editor.Views.Branches.CreateBranchDialog:BuildCreationData due to: Could not load file or assembly 'unityplastic, Version=11.0.16.8673, Culture=neutral, PublicKeyToken=a107c9c6e34c8876' or one of its dependencies.
Could not load signature of Unity.PlasticSCM.Editor.Views.PendingChanges.Dialogs.CheckinConflictsDialog:Show due to: Could not load file or assembly 'unityplastic, Version=11.0.16.8673, Culture=neutral, PublicKeyToken=a107c9c6e34c8876' or one of its dependencies.
Could not load signature of Unity.PlasticSCM.Editor.Views.PendingChanges.Dialogs.CheckinConflictsDialog:GetConflictsText due to: Could not load file or assembly 'unityplastic, Version=11.0.16.8673, Culture=neutral, PublicKeyToken=a107c9c6e34c8876' or one of its dependencies.
Could not load signature of Unity.PlasticSCM.Editor.Views.ConfirmContinueWithPendingChangesDialog:ConfirmContinue due to: Could not load file or assembly 'unityplastic, Version=11.0.16.8673, Culture=neutral, PublicKeyToken=a107c9c6e34c8876' or one of its dependencies.
Could not load signature of Unity.PlasticSCM.Editor.Views.ConfirmContinueWithPendingChangesDialog:Create due to: Could not load file or assembly 'unityplastic, Version=11.0.16.8673, Culture=neutral, PublicKeyToken=a107c9c6e34c8876' or one of its dependencies.
Could not load signature of Unity.PlasticSCM.Editor.Views.PendingChanges.Dialogs.EmptyCheckinMessageDialog:ShouldContinueWithCheckin due to: Could not load file or assembly 'unityplastic, Version=11.0.16.8673, Culture=neutral, PublicKeyToken=a107c9c6e34c8876' or one of its dependencies.
Could not load signature of Unity.PlasticSCM.Editor.Views.PendingChanges.Dialogs.EmptyCheckinMessageDialog:Create due to: Could not load file or assembly 'unityplastic, Version=11.0.16.8673, Culture=neutral, PublicKeyToken=a107c9c6e34c8876' or one of its dependencies.
Could not load signature of Unity.PlasticSCM.Editor.Configuration.CredentialsDialog:RequestCredentials due to: Could not load file or assembly 'unityplastic, Version=11.0.16.8673, Culture=neutral, PublicKeyToken=a107c9c6e34c8876' or one of its dependencies.
Could not load signature of Unity.PlasticSCM.Editor.Configuration.CredentialsDialog:BuildCredentialsDialogData due to: Could not load file or assembly 'unityplastic, Version=11.0.16.8673, Culture=neutral, PublicKeyToken=a107c9c6e34c8876' or one of its dependencies.
Could not load signature of Unity.PlasticSCM.Editor.Configuration.CredentialsDialog:Create due to: Could not load file or assembly 'unityplastic, Version=11.0.16.8673, Culture=neutral, PublicKeyToken=a107c9c6e34c8876' or one of its dependencies.
Could not load signature of Unity.PlasticSCM.Editor.Views.PendingChanges.Dialogs.FilterRulesConfirmationDialog:AskForConfirmation due to: Could not load file or assembly 'unityplastic, Version=11.0.16.8673, Culture=neutral, PublicKeyToken=a107c9c6e34c8876' or one of its dependencies.
Could not load signature of Unity.PlasticSCM.Editor.Views.PendingChanges.Dialogs.DependenciesDialog:IncludeDependencies due to: Could not load file or assembly 'unityplastic, Version=11.0.16.8673, Culture=neutral, PublicKeyToken=a107c9c6e34c8876' or one of its dependencies.
Could not load signature of Unity.PlasticSCM.Editor.Views.PendingChanges.Dialogs.DependenciesDialog:Create due to: Could not load file or assembly 'unityplastic, Version=11.0.16.8673, Culture=neutral, PublicKeyToken=a107c9c6e34c8876' or one of its dependencies.
Could not load signature of Unity.PlasticSCM.Editor.CollabMigration.MigrationDialog:Show due to: Could not load file or assembly 'unityplastic, Version=11.0.16.8673, Culture=neutral, PublicKeyToken=a107c9c6e34c8876' or one of its dependencies.
Could not load signature of Unity.PlasticSCM.Editor.CollabMigration.MigrationDialog:GetEventCloudOrganizationInfo due to: Could not load file or assembly 'unityplastic, Version=11.0.16.8673, Culture=neutral, PublicKeyToken=a107c9c6e34c8876' or one of its dependencies.
Could not load signature of Unity.PlasticSCM.Editor.CollabMigration.MigrationDialog:UpdateProgress due to: Could not load file or assembly 'unityplastic, Version=11.0.16.8673, Culture=neutral, PublicKeyToken=a107c9c6e34c8876' or one of its dependencies.
Could not load signature of Unity.PlasticSCM.Editor.CollabMigration.MigrationDialog:LaunchMigration due to: Could not load file or assembly 'unityplastic, Version=11.0.16.8673, Culture=neutral, PublicKeyToken=a107c9c6e34c8876' or one of its dependencies.
Could not load signature of Unity.PlasticSCM.Editor.CollabMigration.MigrationDialog:TrackWorkspaceMigrationFinishedFailureEvent due to: Could not load file or assembly 'unityplastic, Version=11.0.16.8673, Culture=neutral, PublicKeyToken=a107c9c6e34c8876' or one of its dependencies.
Could not load signature of Unity.PlasticSCM.Editor.CollabMigration.MigrationDialog:Create due to: Could not load file or assembly 'unityplastic, Version=11.0.16.8673, Culture=neutral, PublicKeyToken=a107c9c6e34c8876' or one of its dependencies.
Could not load signature of Unity.PlasticSCM.Editor.Views.DownloadPlasticExeWindow:ShowWindow due to: Could not load file or assembly 'unityplastic, Version=11.0.16.8673, Culture=neutral, PublicKeyToken=a107c9c6e34c8876' or one of its dependencies.
Could not load signature of Unity.PlasticSCM.Editor.Views.Diff.Dialogs.GetRestorePathDialog:GetRestorePath due to: Could not load file or assembly 'unityplastic, Version=11.0.16.8673, Culture=neutral, PublicKeyToken=a107c9c6e34c8876' or one of its dependencies.
Could not load signature of Unity.PlasticSCM.Editor.Views.Diff.Dialogs.GetRestorePathDialog:BuildGetRestorePathResult due to: Could not load file or assembly 'unityplastic, Version=11.0.16.8673, Culture=neutral, PublicKeyToken=a107c9c6e34c8876' or one of its dependencies.
Could not load signature of Unity.PlasticSCM.Editor.Views.Diff.Dialogs.GetRestorePathDialog:GetRestorePathResultType due to: Could not load file or assembly 'unityplastic, Version=11.0.16.8673, Culture=neutral, PublicKeyToken=a107c9c6e34c8876' or one of its dependencies.
Could not load signature of Unity.PlasticSCM.Editor.Configuration.EncryptionConfigurationDialog:RequestEncryptionPassword due to: Could not load file or assembly 'unityplastic, Version=11.0.16.8673, Culture=neutral, PublicKeyToken=a107c9c6e34c8876' or one of its dependencies.
Could not load signature of Unity.PlasticSCM.Editor.Configuration.EncryptionConfigurationDialog:BuildEncryptionConfigurationData due to: Could not load file or assembly 'unityplastic, Version=11.0.16.8673, Culture=neutral, PublicKeyToken=a107c9c6e34c8876' or one of its dependencies.
Could not load signature of Unity.PlasticSCM.Editor.UI.Message.PlasticQuestionAlert:Show due to: Could not load file or assembly 'unityplastic, Version=11.0.16.8673, Culture=neutral, PublicKeyToken=a107c9c6e34c8876' or one of its dependencies.
Could not load signature of Unity.PlasticSCM.Editor.UI.Message.PlasticQuestionAlert:Create due to: Could not load file or assembly 'unityplastic, Version=11.0.16.8673, Culture=neutral, PublicKeyToken=a107c9c6e34c8876' or one of its dependencies.
Could not load signature of Unity.PlasticSCM.Editor.Configuration.TeamEdition.TeamEditionConfigurationWindow:ShowWindow due to: Could not load file or assembly 'unityplastic, Version=11.0.16.8673, Culture=neutral, PublicKeyToken=a107c9c6e34c8876' or one of its dependencies.
Could not load signature of Unity.PlasticSCM.Editor.Configuration.TeamEdition.TeamEditionConfigurationWindow:<ConnectButton_Clicked>b__3_2 due to: Could not load file or assembly 'unityplastic, Version=11.0.16.8673, Culture=neutral, PublicKeyToken=a107c9c6e34c8876' or one of its dependencies.
Could not load signature of Unity.PlasticSCM.Editor.Configuration.TeamEdition.TeamEditionConfigurationWindow:<ConnectButton_Clicked>b__3_3 due to: Could not load file or assembly 'unityplastic, Version=11.0.16.8673, Culture=neutral, PublicKeyToken=a107c9c6e34c8876' or one of its dependencies.
Could not load signature of Unity.PlasticSCM.Editor.Configuration.TeamEdition.TeamEditionConfigurationWindow:<CheckConnectionButton_Clicked>b__5_2 due to: Could not load file or assembly 'unityplastic, Version=11.0.16.8673, Culture=neutral, PublicKeyToken=a107c9c6e34c8876' or one of its dependencies.
Could not load signature of Unity.PlasticSCM.Editor.Views.PendingChanges.Dialogs.CreateChangelistDialog:CreateChangelist due to: Could not load file or assembly 'unityplastic, Version=11.0.16.8673, Culture=neutral, PublicKeyToken=a107c9c6e34c8876' or one of its dependencies.
Could not load signature of Unity.PlasticSCM.Editor.Views.PendingChanges.Dialogs.CreateChangelistDialog:EditChangelist due to: Could not load file or assembly 'unityplastic, Version=11.0.16.8673, Culture=neutral, PublicKeyToken=a107c9c6e34c8876' or one of its dependencies.
Could not load signature of Unity.PlasticSCM.Editor.Views.PendingChanges.Dialogs.CreateChangelistDialog:Create due to: Could not load file or assembly 'unityplastic, Version=11.0.16.8673, Culture=neutral, PublicKeyToken=a107c9c6e34c8876' or one of its dependencies.
Could not load signature of Unity.PlasticSCM.Editor.Views.PendingChanges.Dialogs.CreateChangelistDialog:Edit due to: Could not load file or assembly 'unityplastic, Version=11.0.16.8673, Culture=neutral, PublicKeyToken=a107c9c6e34c8876' or one of its dependencies.
Could not load signature of Unity.PlasticSCM.Editor.Views.PendingChanges.Dialogs.CreateChangelistDialog:BuildCreationData due to: Could not load file or assembly 'unityplastic, Version=11.0.16.8673, Culture=neutral, PublicKeyToken=a107c9c6e34c8876' or one of its dependencies.
Could not load signature of Unity.PlasticSCM.Editor.Gluon.UpdateReport.UpdateReportDialog:ShowUpdateReport due to: Could not load file or assembly 'unityplastic, Version=11.0.16.8673, Culture=neutral, PublicKeyToken=a107c9c6e34c8876' or one of its dependencies.
Could not load signature of Unity.PlasticSCM.Editor.Gluon.UpdateReport.UpdateReportDialog:GetUpdateReportResult due to: Could not load file or assembly 'unityplastic, Version=11.0.16.8673, Culture=neutral, PublicKeyToken=a107c9c6e34c8876' or one of its dependencies.
Could not load signature of Unity.PlasticSCM.Editor.Gluon.UpdateReport.UpdateReportDialog:UpdateUpdateReportList due to: Could not load file or assembly 'unityplastic, Version=11.0.16.8673, Culture=neutral, PublicKeyToken=a107c9c6e34c8876' or one of its dependencies.
Could not load signature of Unity.PlasticSCM.Editor.Gluon.UpdateReport.UpdateReportDialog:GetErrorDetailsText due to: Could not load file or assembly 'unityplastic, Version=11.0.16.8673, Culture=neutral, PublicKeyToken=a107c9c6e34c8876' or one of its dependencies.
Could not load signature of Unity.PlasticSCM.Editor.Gluon.UpdateReport.UpdateReportDialog:DoErrorDetailsTextArea due to: Could not load file or assembly 'unityplastic, Version=11.0.16.8673, Culture=neutral, PublicKeyToken=a107c9c6e34c8876' or one of its dependencies.
Could not load signature of Unity.PlasticSCM.Editor.Gluon.UpdateReport.UpdateReportDialog:BuildComponents due to: Could not load file or assembly 'unityplastic, Version=11.0.16.8673, Culture=neutral, PublicKeyToken=a107c9c6e34c8876' or one of its dependencies.
Could not load signature of Unity.PlasticSCM.Editor.Gluon.UpdateReport.UpdateReportDialog:Create due to: Could not load file or assembly 'unityplastic, Version=11.0.16.8673, Culture=neutral, PublicKeyToken=a107c9c6e34c8876' or one of its dependencies.
Could not load signature of Unity.PlasticSCM.Editor.Views.Branches.Dialogs.RenameBranchDialog:GetBranchRenameData due to: Could not load file or assembly 'unityplastic, Version=11.0.16.8673, Culture=neutral, PublicKeyToken=a107c9c6e34c8876' or one of its dependencies.
Could not load signature of Unity.PlasticSCM.Editor.Views.Branches.Dialogs.RenameBranchDialog:Create due to: Could not load file or assembly 'unityplastic, Version=11.0.16.8673, Culture=neutral, PublicKeyToken=a107c9c6e34c8876' or one of its dependencies.
Could not load signature of Unity.PlasticSCM.Editor.Views.Branches.Dialogs.RenameBranchDialog:BuildRenameData due to: Could not load file or assembly 'unityplastic, Version=11.0.16.8673, Culture=neutral, PublicKeyToken=a107c9c6e34c8876' or one of its dependencies.
Refreshing native plugins compatible for Editor in 17.87 ms, found 3 plugins.
Could not load signature of Unity.PlasticSCM.Editor.Configuration.TeamEdition.TeamEditionConfigurationWindow:ShowWindow due to: Could not load file or assembly 'unityplastic, Version=11.0.16.8673, Culture=neutral, PublicKeyToken=a107c9c6e34c8876' or one of its dependencies.
Could not load signature of Unity.PlasticSCM.Editor.Configuration.TeamEdition.TeamEditionConfigurationWindow:<ConnectButton_Clicked>b__3_2 due to: Could not load file or assembly 'unityplastic, Version=11.0.16.8673, Culture=neutral, PublicKeyToken=a107c9c6e34c8876' or one of its dependencies.
Could not load signature of Unity.PlasticSCM.Editor.Configuration.TeamEdition.TeamEditionConfigurationWindow:<ConnectButton_Clicked>b__3_3 due to: Could not load file or assembly 'unityplastic, Version=11.0.16.8673, Culture=neutral, PublicKeyToken=a107c9c6e34c8876' or one of its dependencies.
Could not load signature of Unity.PlasticSCM.Editor.Configuration.TeamEdition.TeamEditionConfigurationWindow:<CheckConnectionButton_Clicked>b__5_2 due to: Could not load file or assembly 'unityplastic, Version=11.0.16.8673, Culture=neutral, PublicKeyToken=a107c9c6e34c8876' or one of its dependencies.
Could not load signature of Unity.PlasticSCM.Editor.Views.PendingChanges.Dialogs.EmptyCheckinMessageDialog:ShouldContinueWithCheckin due to: Could not load file or assembly 'unityplastic, Version=11.0.16.8673, Culture=neutral, PublicKeyToken=a107c9c6e34c8876' or one of its dependencies.
Could not load signature of Unity.PlasticSCM.Editor.Views.PendingChanges.Dialogs.EmptyCheckinMessageDialog:Create due to: Could not load file or assembly 'unityplastic, Version=11.0.16.8673, Culture=neutral, PublicKeyToken=a107c9c6e34c8876' or one of its dependencies.
Could not load signature of Unity.PlasticSCM.Editor.Views.PendingChanges.Dialogs.CheckinConflictsDialog:Show due to: Could not load file or assembly 'unityplastic, Version=11.0.16.8673, Culture=neutral, PublicKeyToken=a107c9c6e34c8876' or one of its dependencies.
Could not load signature of Unity.PlasticSCM.Editor.Views.PendingChanges.Dialogs.CheckinConflictsDialog:GetConflictsText due to: Could not load file or assembly 'unityplastic, Version=11.0.16.8673, Culture=neutral, PublicKeyToken=a107c9c6e34c8876' or one of its dependencies.
Could not load signature of Unity.PlasticSCM.Editor.Views.Branches.CreateBranchDialog:CreateBranchFromLastParentBranchChangeset due to: Could not load file or assembly 'unityplastic, Version=11.0.16.8673, Culture=neutral, PublicKeyToken=a107c9c6e34c8876' or one of its dependencies.
Could not load signature of Unity.PlasticSCM.Editor.Views.Branches.CreateBranchDialog:Create due to: Could not load file or assembly 'unityplastic, Version=11.0.16.8673, Culture=neutral, PublicKeyToken=a107c9c6e34c8876' or one of its dependencies.
Could not load signature of Unity.PlasticSCM.Editor.Views.Branches.CreateBranchDialog:BuildCreationData due to: Could not load file or assembly 'unityplastic, Version=11.0.16.8673, Culture=neutral, PublicKeyToken=a107c9c6e34c8876' or one of its dependencies.
Could not load signature of Unity.PlasticSCM.Editor.Configuration.EncryptionConfigurationDialog:RequestEncryptionPassword due to: Could not load file or assembly 'unityplastic, Version=11.0.16.8673, Culture=neutral, PublicKeyToken=a107c9c6e34c8876' or one of its dependencies.
Could not load signature of Unity.PlasticSCM.Editor.Configuration.EncryptionConfigurationDialog:BuildEncryptionConfigurationData due to: Could not load file or assembly 'unityplastic, Version=11.0.16.8673, Culture=neutral, PublicKeyToken=a107c9c6e34c8876' or one of its dependencies.
Could not load signature of Unity.PlasticSCM.Editor.Gluon.UpdateReport.UpdateReportDialog:ShowUpdateReport due to: Could not load file or assembly 'unityplastic, Version=11.0.16.8673, Culture=neutral, PublicKeyToken=a107c9c6e34c8876' or one of its dependencies.
Could not load signature of Unity.PlasticSCM.Editor.Gluon.UpdateReport.UpdateReportDialog:GetUpdateReportResult due to: Could not load file or assembly 'unityplastic, Version=11.0.16.8673, Culture=neutral, PublicKeyToken=a107c9c6e34c8876' or one of its dependencies.
Could not load signature of Unity.PlasticSCM.Editor.Gluon.UpdateReport.UpdateReportDialog:UpdateUpdateReportList due to: Could not load file or assembly 'unityplastic, Version=11.0.16.8673, Culture=neutral, PublicKeyToken=a107c9c6e34c8876' or one of its dependencies.
Could not load signature of Unity.PlasticSCM.Editor.Gluon.UpdateReport.UpdateReportDialog:GetErrorDetailsText due to: Could not load file or assembly 'unityplastic, Version=11.0.16.8673, Culture=neutral, PublicKeyToken=a107c9c6e34c8876' or one of its dependencies.
Could not load signature of Unity.PlasticSCM.Editor.Gluon.UpdateReport.UpdateReportDialog:DoErrorDetailsTextArea due to: Could not load file or assembly 'unityplastic, Version=11.0.16.8673, Culture=neutral, PublicKeyToken=a107c9c6e34c8876' or one of its dependencies.
Could not load signature of Unity.PlasticSCM.Editor.Gluon.UpdateReport.UpdateReportDialog:BuildComponents due to: Could not load file or assembly 'unityplastic, Version=11.0.16.8673, Culture=neutral, PublicKeyToken=a107c9c6e34c8876' or one of its dependencies.
Could not load signature of Unity.PlasticSCM.Editor.Gluon.UpdateReport.UpdateReportDialog:Create due to: Could not load file or assembly 'unityplastic, Version=11.0.16.8673, Culture=neutral, PublicKeyToken=a107c9c6e34c8876' or one of its dependencies.
Could not load signature of Unity.PlasticSCM.Editor.Views.PendingChanges.Dialogs.FilterRulesConfirmationDialog:AskForConfirmation due to: Could not load file or assembly 'unityplastic, Version=11.0.16.8673, Culture=neutral, PublicKeyToken=a107c9c6e34c8876' or one of its dependencies.
Could not load signature of Unity.PlasticSCM.Editor.CollabMigration.MigrationDialog:Show due to: Could not load file or assembly 'unityplastic, Version=11.0.16.8673, Culture=neutral, PublicKeyToken=a107c9c6e34c8876' or one of its dependencies.
Could not load signature of Unity.PlasticSCM.Editor.CollabMigration.MigrationDialog:GetEventCloudOrganizationInfo due to: Could not load file or assembly 'unityplastic, Version=11.0.16.8673, Culture=neutral, PublicKeyToken=a107c9c6e34c8876' or one of its dependencies.
Could not load signature of Unity.PlasticSCM.Editor.CollabMigration.MigrationDialog:UpdateProgress due to: Could not load file or assembly 'unityplastic, Version=11.0.16.8673, Culture=neutral, PublicKeyToken=a107c9c6e34c8876' or one of its dependencies.
Could not load signature of Unity.PlasticSCM.Editor.CollabMigration.MigrationDialog:LaunchMigration due to: Could not load file or assembly 'unityplastic, Version=11.0.16.8673, Culture=neutral, PublicKeyToken=a107c9c6e34c8876' or one of its dependencies.
Could not load signature of Unity.PlasticSCM.Editor.CollabMigration.MigrationDialog:TrackWorkspaceMigrationFinishedFailureEvent due to: Could not load file or assembly 'unityplastic, Version=11.0.16.8673, Culture=neutral, PublicKeyToken=a107c9c6e34c8876' or one of its dependencies.
Could not load signature of Unity.PlasticSCM.Editor.CollabMigration.MigrationDialog:Create due to: Could not load file or assembly 'unityplastic, Version=11.0.16.8673, Culture=neutral, PublicKeyToken=a107c9c6e34c8876' or one of its dependencies.
Could not load signature of Unity.PlasticSCM.Editor.Views.PendingChanges.Dialogs.DependenciesDialog:IncludeDependencies due to: Could not load file or assembly 'unityplastic, Version=11.0.16.8673, Culture=neutral, PublicKeyToken=a107c9c6e34c8876' or one of its dependencies.
Could not load signature of Unity.PlasticSCM.Editor.Views.PendingChanges.Dialogs.DependenciesDialog:Create due to: Could not load file or assembly 'unityplastic, Version=11.0.16.8673, Culture=neutral, PublicKeyToken=a107c9c6e34c8876' or one of its dependencies.
Could not load signature of Unity.PlasticSCM.Editor.UI.Message.PlasticQuestionAlert:Show due to: Could not load file or assembly 'unityplastic, Version=11.0.16.8673, Culture=neutral, PublicKeyToken=a107c9c6e34c8876' or one of its dependencies.
Could not load signature of Unity.PlasticSCM.Editor.UI.Message.PlasticQuestionAlert:Create due to: Could not load file or assembly 'unityplastic, Version=11.0.16.8673, Culture=neutral, PublicKeyToken=a107c9c6e34c8876' or one of its dependencies.
Could not load signature of Unity.PlasticSCM.Editor.Views.Branches.Dialogs.RenameBranchDialog:GetBranchRenameData due to: Could not load file or assembly 'unityplastic, Version=11.0.16.8673, Culture=neutral, PublicKeyToken=a107c9c6e34c8876' or one of its dependencies.
Could not load signature of Unity.PlasticSCM.Editor.Views.Branches.Dialogs.RenameBranchDialog:Create due to: Could not load file or assembly 'unityplastic, Version=11.0.16.8673, Culture=neutral, PublicKeyToken=a107c9c6e34c8876' or one of its dependencies.
Could not load signature of Unity.PlasticSCM.Editor.Views.Branches.Dialogs.RenameBranchDialog:BuildRenameData due to: Could not load file or assembly 'unityplastic, Version=11.0.16.8673, Culture=neutral, PublicKeyToken=a107c9c6e34c8876' or one of its dependencies.
Could not load signature of Unity.PlasticSCM.Editor.Views.DownloadPlasticExeWindow:ShowWindow due to: Could not load file or assembly 'unityplastic, Version=11.0.16.8673, Culture=neutral, PublicKeyToken=a107c9c6e34c8876' or one of its dependencies.
Could not load signature of Unity.PlasticSCM.Editor.Views.ConfirmContinueWithPendingChangesDialog:ConfirmContinue due to: Could not load file or assembly 'unityplastic, Version=11.0.16.8673, Culture=neutral, PublicKeyToken=a107c9c6e34c8876' or one of its dependencies.
Could not load signature of Unity.PlasticSCM.Editor.Views.ConfirmContinueWithPendingChangesDialog:Create due to: Could not load file or assembly 'unityplastic, Version=11.0.16.8673, Culture=neutral, PublicKeyToken=a107c9c6e34c8876' or one of its dependencies.
Could not load signature of Unity.PlasticSCM.Editor.Views.PendingChanges.Dialogs.CreateChangelistDialog:CreateChangelist due to: Could not load file or assembly 'unityplastic, Version=11.0.16.8673, Culture=neutral, PublicKeyToken=a107c9c6e34c8876' or one of its dependencies.
Could not load signature of Unity.PlasticSCM.Editor.Views.PendingChanges.Dialogs.CreateChangelistDialog:EditChangelist due to: Could not load file or assembly 'unityplastic, Version=11.0.16.8673, Culture=neutral, PublicKeyToken=a107c9c6e34c8876' or one of its dependencies.
Could not load signature of Unity.PlasticSCM.Editor.Views.PendingChanges.Dialogs.CreateChangelistDialog:Create due to: Could not load file or assembly 'unityplastic, Version=11.0.16.8673, Culture=neutral, PublicKeyToken=a107c9c6e34c8876' or one of its dependencies.
Could not load signature of Unity.PlasticSCM.Editor.Views.PendingChanges.Dialogs.CreateChangelistDialog:Edit due to: Could not load file or assembly 'unityplastic, Version=11.0.16.8673, Culture=neutral, PublicKeyToken=a107c9c6e34c8876' or one of its dependencies.
Could not load signature of Unity.PlasticSCM.Editor.Views.PendingChanges.Dialogs.CreateChangelistDialog:BuildCreationData due to: Could not load file or assembly 'unityplastic, Version=11.0.16.8673, Culture=neutral, PublicKeyToken=a107c9c6e34c8876' or one of its dependencies.
Could not load signature of Unity.PlasticSCM.Editor.Configuration.CredentialsDialog:RequestCredentials due to: Could not load file or assembly 'unityplastic, Version=11.0.16.8673, Culture=neutral, PublicKeyToken=a107c9c6e34c8876' or one of its dependencies.
Could not load signature of Unity.PlasticSCM.Editor.Configuration.CredentialsDialog:BuildCredentialsDialogData due to: Could not load file or assembly 'unityplastic, Version=11.0.16.8673, Culture=neutral, PublicKeyToken=a107c9c6e34c8876' or one of its dependencies.
Could not load signature of Unity.PlasticSCM.Editor.Configuration.CredentialsDialog:Create due to: Could not load file or assembly 'unityplastic, Version=11.0.16.8673, Culture=neutral, PublicKeyToken=a107c9c6e34c8876' or one of its dependencies.
Could not load signature of Unity.PlasticSCM.Editor.Views.Diff.Dialogs.GetRestorePathDialog:GetRestorePath due to: Could not load file or assembly 'unityplastic, Version=11.0.16.8673, Culture=neutral, PublicKeyToken=a107c9c6e34c8876' or one of its dependencies.
Could not load signature of Unity.PlasticSCM.Editor.Views.Diff.Dialogs.GetRestorePathDialog:BuildGetRestorePathResult due to: Could not load file or assembly 'unityplastic, Version=11.0.16.8673, Culture=neutral, PublicKeyToken=a107c9c6e34c8876' or one of its dependencies.
Could not load signature of Unity.PlasticSCM.Editor.Views.Diff.Dialogs.GetRestorePathDialog:GetRestorePathResultType due to: Could not load file or assembly 'unityplastic, Version=11.0.16.8673, Culture=neutral, PublicKeyToken=a107c9c6e34c8876' or one of its dependencies.
Native extension for WindowsStandalone target not found
System.TypeInitializationException: The type initializer for 'Unity.Cloud.Collaborate.ToolbarButton' threw an exception. ---> System.IO.FileNotFoundException: Could not load file or assembly 'unityplastic, Version=11.0.16.8673, Culture=neutral, PublicKeyToken=a107c9c6e34c8876' or one of its dependencies.
   --- End of inner exception stack trace ---
  at Unity.Cloud.Collaborate.ToolbarBootstrap..cctor () [0x00000] in .\Library\PackageCache\com.unity.collab-proxy\Editor\PlasticSCM\Toolbar\ToolbarButton.cs:14 
UnityEngine.Debug:ExtractStackTraceNoAlloc (byte*,int,string)
UnityEngine.StackTraceUtility:ExtractStackTrace ()
UnityEngine.DebugLogHandler:Internal_Log (UnityEngine.LogType,UnityEngine.LogOption,string,UnityEngine.Object)
UnityEngine.DebugLogHandler:LogFormat (UnityEngine.LogType,UnityEngine.Object,string,object[])
UnityEngine.Logger:Log (UnityEngine.LogType,object)
UnityEngine.Debug:LogError (object)
UnityEditor.EditorAssemblies:ProcessInitializeOnLoadAttributes (System.Type[])

Mono: successfully reloaded assembly
- Finished resetting the current domain, in  1.817 seconds
Domain Reload Profiling: 2874ms
	BeginReloadAssembly (456ms)
		ExecutionOrderSort (0ms)
		DisableScriptedObjects (7ms)
		BackupInstance (0ms)
		ReleaseScriptingObjects (0ms)
		CreateAndSetChildDomain (38ms)
	RebuildCommonClasses (37ms)
	RebuildNativeTypeToScriptingClass (12ms)
	initialDomainReloadingComplete (36ms)
	LoadAllAssembliesAndSetupDomain (516ms)
		LoadAssemblies (402ms)
		RebuildTransferFunctionScriptingTraits (0ms)
		AnalyzeDomain (249ms)
			TypeCache.Refresh (161ms)
				TypeCache.ScanAssembly (148ms)
			BuildScriptInfoCaches (75ms)
			ResolveRequiredComponents (10ms)
	FinalizeReload (1817ms)
		ReleaseScriptCaches (0ms)
		RebuildScriptCaches (0ms)
		SetupLoadedEditorAssemblies (959ms)
			LogAssemblyErrors (0ms)
			InitializePlatformSupportModulesInManaged (6ms)
			SetLoadedEditorAssemblies (28ms)
			BeforeProcessingInitializeOnLoad (153ms)
			ProcessInitializeOnLoadAttributes (613ms)
			ProcessInitializeOnLoadMethodAttributes (152ms)
			AfterProcessingInitializeOnLoad (8ms)
			EditorAssembliesLoaded (0ms)
		ExecutionOrderSort2 (0ms)
		AwakeInstancesAfterBackupRestoration (10ms)
Launched and connected shader compiler UnityShaderCompiler.exe after 0.01 seconds
Refreshing native plugins compatible for Editor in 2.36 ms, found 3 plugins.
Preloading 0 native plugins for Editor in 0.00 ms.
Unloading 199 Unused Serialized files (Serialized files now loaded: 0)
Unloading 5912 unused Assets / (4.4 MB). Loaded Objects now: 6681.
Memory consumption went from 180.2 MB to 175.8 MB.
Total: 23.409700 ms (FindLiveObjects: 6.012000 ms CreateObjectMapping: 7.241200 ms MarkObjects: 6.638600 ms  DeleteObjects: 3.516700 ms)

========================================================================
Received Prepare
Begin MonoManager ReloadAssembly
- Loaded All Assemblies, in  0.770 seconds
Refreshing native plugins compatible for Editor in 1.28 ms, found 3 plugins.
Native extension for WindowsStandalone target not found
Mono: successfully reloaded assembly
- Finished resetting the current domain, in  0.971 seconds
Domain Reload Profiling: 1742ms
	BeginReloadAssembly (218ms)
		ExecutionOrderSort (0ms)
		DisableScriptedObjects (7ms)
		BackupInstance (0ms)
		ReleaseScriptingObjects (0ms)
		CreateAndSetChildDomain (48ms)
	RebuildCommonClasses (34ms)
	RebuildNativeTypeToScriptingClass (12ms)
	initialDomainReloadingComplete (27ms)
	LoadAllAssembliesAndSetupDomain (480ms)
		LoadAssemblies (344ms)
		RebuildTransferFunctionScriptingTraits (0ms)
		AnalyzeDomain (255ms)
			TypeCache.Refresh (150ms)
				TypeCache.ScanAssembly (134ms)
			BuildScriptInfoCaches (90ms)
			ResolveRequiredComponents (11ms)
	FinalizeReload (971ms)
		ReleaseScriptCaches (0ms)
		RebuildScriptCaches (0ms)
		SetupLoadedEditorAssemblies (650ms)
			LogAssemblyErrors (0ms)
			InitializePlatformSupportModulesInManaged (2ms)
			SetLoadedEditorAssemblies (5ms)
			BeforeProcessingInitializeOnLoad (69ms)
			ProcessInitializeOnLoadAttributes (488ms)
			ProcessInitializeOnLoadMethodAttributes (79ms)
			AfterProcessingInitializeOnLoad (6ms)
			EditorAssembliesLoaded (0ms)
		ExecutionOrderSort2 (0ms)
		AwakeInstancesAfterBackupRestoration (14ms)
Refreshing native plugins compatible for Editor in 1.65 ms, found 3 plugins.
Preloading 0 native plugins for Editor in 0.00 ms.
Unloading 22 Unused Serialized files (Serialized files now loaded: 0)
Unloading 5908 unused Assets / (4.2 MB). Loaded Objects now: 6696.
Memory consumption went from 163.3 MB to 159.1 MB.
Total: 9.548200 ms (FindLiveObjects: 0.673100 ms CreateObjectMapping: 0.786100 ms MarkObjects: 5.470000 ms  DeleteObjects: 2.617800 ms)

Prepare: number of updated asset objects reloaded= 0
========================================================================
Received Import Request.
  Time since last request: 978465.175600 seconds.
  path: Assets/Readme.asset
  artifactKey: Guid(8105016687592461f977c054a80ce2f2) Importer(815301076,1909f56bfc062723c751e8b465ee728b)
Start importing Assets/Readme.asset using Guid(8105016687592461f977c054a80ce2f2) Importer(815301076,1909f56bfc062723c751e8b465ee728b) (PreviewImporter)[PhysX] Initialized MultithreadedTaskDispatcher with 6 workers.
 -> (artifact id: '50ea5ad2cda8720781b90d71f311d8d1') in 0.0328472 seconds
Number of updated asset objects reloaded before import = 0Number of asset objects unloaded after import = 2

